   1               		.file	"main.c"
   2               	__SP_H__ = 0x3e
   3               	__SP_L__ = 0x3d
   4               	__SREG__ = 0x3f
   5               	__tmp_reg__ = 0
   6               	__zero_reg__ = 1
   8               		.text
   9               	.Ltext0:
 114               	.global	initIO
 116               	initIO:
   1:/Users/kevinKuwata1/Documents/xcode/ECEN1310Final/blinkPortc2/blinkPortc2/main.c **** #include <stdio.h>
   2:/Users/kevinKuwata1/Documents/xcode/ECEN1310Final/blinkPortc2/blinkPortc2/main.c **** #include <avr/io.h>
   3:/Users/kevinKuwata1/Documents/xcode/ECEN1310Final/blinkPortc2/blinkPortc2/main.c **** #include <avr/interrupt.h>
   4:/Users/kevinKuwata1/Documents/xcode/ECEN1310Final/blinkPortc2/blinkPortc2/main.c **** #include <util/delay.h>
   5:/Users/kevinKuwata1/Documents/xcode/ECEN1310Final/blinkPortc2/blinkPortc2/main.c **** 
   6:/Users/kevinKuwata1/Documents/xcode/ECEN1310Final/blinkPortc2/blinkPortc2/main.c **** #define BV(x) (1<<x)     // shifts bits by x. and sets the bit to 1 or 0 based on x 0 is zero shift
   7:/Users/kevinKuwata1/Documents/xcode/ECEN1310Final/blinkPortc2/blinkPortc2/main.c **** 
   8:/Users/kevinKuwata1/Documents/xcode/ECEN1310Final/blinkPortc2/blinkPortc2/main.c **** 
   9:/Users/kevinKuwata1/Documents/xcode/ECEN1310Final/blinkPortc2/blinkPortc2/main.c **** void initIO(void) {
 118               	.LM0:
 119               	.LFBB1:
 120               	/* prologue: function */
 121               	/* frame size = 0 */
 122               	/* stack size = 0 */
 123               	.L__stack_usage = 0
  10:/Users/kevinKuwata1/Documents/xcode/ECEN1310Final/blinkPortc2/blinkPortc2/main.c ****     DDRC |= BV(2); //port c pin 2 output
 125               	.LM1:
 126 0000 3A9A      		sbi 0x7,2
  11:/Users/kevinKuwata1/Documents/xcode/ECEN1310Final/blinkPortc2/blinkPortc2/main.c ****     DDRC |= BV(1); //port c pin 2 output
 128               	.LM2:
 129 0002 399A      		sbi 0x7,1
  12:/Users/kevinKuwata1/Documents/xcode/ECEN1310Final/blinkPortc2/blinkPortc2/main.c ****     DDRC ^= BV(0);
 131               	.LM3:
 132 0004 97B1      		in r25,0x7
 133 0006 21E0      		ldi r18,lo8(1)
 134 0008 9227      		eor r25,r18
 135 000a 97B9      		out 0x7,r25
  13:/Users/kevinKuwata1/Documents/xcode/ECEN1310Final/blinkPortc2/blinkPortc2/main.c ****     PORTC ^= BV(0); //don't forget to set as input
 137               	.LM4:
 138 000c 88B1      		in r24,0x8
 139 000e 8227      		eor r24,r18
 140 0010 88B9      		out 0x8,r24
 141 0012 0895      		ret
 143               	.Lscope1:
 144               		.section	.text.startup,"ax",@progbits
 146               	.global	main
 148               	main:
  14:/Users/kevinKuwata1/Documents/xcode/ECEN1310Final/blinkPortc2/blinkPortc2/main.c **** 
  15:/Users/kevinKuwata1/Documents/xcode/ECEN1310Final/blinkPortc2/blinkPortc2/main.c **** 
  16:/Users/kevinKuwata1/Documents/xcode/ECEN1310Final/blinkPortc2/blinkPortc2/main.c ****     
  17:/Users/kevinKuwata1/Documents/xcode/ECEN1310Final/blinkPortc2/blinkPortc2/main.c **** }
  18:/Users/kevinKuwata1/Documents/xcode/ECEN1310Final/blinkPortc2/blinkPortc2/main.c **** 
  19:/Users/kevinKuwata1/Documents/xcode/ECEN1310Final/blinkPortc2/blinkPortc2/main.c **** int main(void) {
 150               	.LM5:
 151               	.LFBB2:
 152               	/* prologue: function */
 153               	/* frame size = 0 */
 154               	/* stack size = 0 */
 155               	.L__stack_usage = 0
  20:/Users/kevinKuwata1/Documents/xcode/ECEN1310Final/blinkPortc2/blinkPortc2/main.c **** 	initIO();
 157               	.LM6:
 158 0000 0E94 0000 		call initIO
  21:/Users/kevinKuwata1/Documents/xcode/ECEN1310Final/blinkPortc2/blinkPortc2/main.c **** 
  22:/Users/kevinKuwata1/Documents/xcode/ECEN1310Final/blinkPortc2/blinkPortc2/main.c **** 	while (1) {
  23:/Users/kevinKuwata1/Documents/xcode/ECEN1310Final/blinkPortc2/blinkPortc2/main.c ****         PORTC |= BV(2);
  24:/Users/kevinKuwata1/Documents/xcode/ECEN1310Final/blinkPortc2/blinkPortc2/main.c ****         _delay_ms(30);
  25:/Users/kevinKuwata1/Documents/xcode/ECEN1310Final/blinkPortc2/blinkPortc2/main.c ****         PORTC ^= BV(2);
 160               	.LM7:
 161 0004 24E0      		ldi r18,lo8(4)
  26:/Users/kevinKuwata1/Documents/xcode/ECEN1310Final/blinkPortc2/blinkPortc2/main.c ****         _delay_ms(30);
  27:/Users/kevinKuwata1/Documents/xcode/ECEN1310Final/blinkPortc2/blinkPortc2/main.c ****         
  28:/Users/kevinKuwata1/Documents/xcode/ECEN1310Final/blinkPortc2/blinkPortc2/main.c ****         PORTC |= BV(1);
  29:/Users/kevinKuwata1/Documents/xcode/ECEN1310Final/blinkPortc2/blinkPortc2/main.c ****         _delay_ms(30);
  30:/Users/kevinKuwata1/Documents/xcode/ECEN1310Final/blinkPortc2/blinkPortc2/main.c ****         PORTC ^= BV(1);
 163               	.LM8:
 164 0006 92E0      		ldi r25,lo8(2)
 165               	.L5:
  23:/Users/kevinKuwata1/Documents/xcode/ECEN1310Final/blinkPortc2/blinkPortc2/main.c ****         _delay_ms(30);
 167               	.LM9:
 168 0008 429A      		sbi 0x8,2
 169               	.LBB14:
 170               	.LBB15:
 172               	.Ltext1:
   1:/usr/local/Cellar/avr-gcc/6.2.0/avr/include/util/delay.h **** /* Copyright (c) 2002, Marek Michalkiewicz
   2:/usr/local/Cellar/avr-gcc/6.2.0/avr/include/util/delay.h ****    Copyright (c) 2004,2005,2007 Joerg Wunsch
   3:/usr/local/Cellar/avr-gcc/6.2.0/avr/include/util/delay.h ****    Copyright (c) 2007  Florin-Viorel Petrov
   4:/usr/local/Cellar/avr-gcc/6.2.0/avr/include/util/delay.h ****    All rights reserved.
   5:/usr/local/Cellar/avr-gcc/6.2.0/avr/include/util/delay.h **** 
   6:/usr/local/Cellar/avr-gcc/6.2.0/avr/include/util/delay.h ****    Redistribution and use in source and binary forms, with or without
   7:/usr/local/Cellar/avr-gcc/6.2.0/avr/include/util/delay.h ****    modification, are permitted provided that the following conditions are met:
   8:/usr/local/Cellar/avr-gcc/6.2.0/avr/include/util/delay.h **** 
   9:/usr/local/Cellar/avr-gcc/6.2.0/avr/include/util/delay.h ****    * Redistributions of source code must retain the above copyright
  10:/usr/local/Cellar/avr-gcc/6.2.0/avr/include/util/delay.h ****      notice, this list of conditions and the following disclaimer.
  11:/usr/local/Cellar/avr-gcc/6.2.0/avr/include/util/delay.h **** 
  12:/usr/local/Cellar/avr-gcc/6.2.0/avr/include/util/delay.h ****    * Redistributions in binary form must reproduce the above copyright
  13:/usr/local/Cellar/avr-gcc/6.2.0/avr/include/util/delay.h ****      notice, this list of conditions and the following disclaimer in
  14:/usr/local/Cellar/avr-gcc/6.2.0/avr/include/util/delay.h ****      the documentation and/or other materials provided with the
  15:/usr/local/Cellar/avr-gcc/6.2.0/avr/include/util/delay.h ****      distribution.
  16:/usr/local/Cellar/avr-gcc/6.2.0/avr/include/util/delay.h **** 
  17:/usr/local/Cellar/avr-gcc/6.2.0/avr/include/util/delay.h ****    * Neither the name of the copyright holders nor the names of
  18:/usr/local/Cellar/avr-gcc/6.2.0/avr/include/util/delay.h ****      contributors may be used to endorse or promote products derived
  19:/usr/local/Cellar/avr-gcc/6.2.0/avr/include/util/delay.h ****      from this software without specific prior written permission.
  20:/usr/local/Cellar/avr-gcc/6.2.0/avr/include/util/delay.h **** 
  21:/usr/local/Cellar/avr-gcc/6.2.0/avr/include/util/delay.h ****   THIS SOFTWARE IS PROVIDED BY THE COPYRIGHT HOLDERS AND CONTRIBUTORS "AS IS"
  22:/usr/local/Cellar/avr-gcc/6.2.0/avr/include/util/delay.h ****   AND ANY EXPRESS OR IMPLIED WARRANTIES, INCLUDING, BUT NOT LIMITED TO, THE
  23:/usr/local/Cellar/avr-gcc/6.2.0/avr/include/util/delay.h ****   IMPLIED WARRANTIES OF MERCHANTABILITY AND FITNESS FOR A PARTICULAR PURPOSE
  24:/usr/local/Cellar/avr-gcc/6.2.0/avr/include/util/delay.h ****   ARE DISCLAIMED. IN NO EVENT SHALL THE COPYRIGHT OWNER OR CONTRIBUTORS BE
  25:/usr/local/Cellar/avr-gcc/6.2.0/avr/include/util/delay.h ****   LIABLE FOR ANY DIRECT, INDIRECT, INCIDENTAL, SPECIAL, EXEMPLARY, OR
  26:/usr/local/Cellar/avr-gcc/6.2.0/avr/include/util/delay.h ****   CONSEQUENTIAL DAMAGES (INCLUDING, BUT NOT LIMITED TO, PROCUREMENT OF
  27:/usr/local/Cellar/avr-gcc/6.2.0/avr/include/util/delay.h ****   SUBSTITUTE GOODS OR SERVICES; LOSS OF USE, DATA, OR PROFITS; OR BUSINESS
  28:/usr/local/Cellar/avr-gcc/6.2.0/avr/include/util/delay.h ****   INTERRUPTION) HOWEVER CAUSED AND ON ANY THEORY OF LIABILITY, WHETHER IN
  29:/usr/local/Cellar/avr-gcc/6.2.0/avr/include/util/delay.h ****   CONTRACT, STRICT LIABILITY, OR TORT (INCLUDING NEGLIGENCE OR OTHERWISE)
  30:/usr/local/Cellar/avr-gcc/6.2.0/avr/include/util/delay.h ****   ARISING IN ANY WAY OUT OF THE USE OF THIS SOFTWARE, EVEN IF ADVISED OF THE
  31:/usr/local/Cellar/avr-gcc/6.2.0/avr/include/util/delay.h ****   POSSIBILITY OF SUCH DAMAGE. */
  32:/usr/local/Cellar/avr-gcc/6.2.0/avr/include/util/delay.h **** 
  33:/usr/local/Cellar/avr-gcc/6.2.0/avr/include/util/delay.h **** /* $Id: delay.h.in 2506 2016-02-08 10:05:45Z joerg_wunsch $ */
  34:/usr/local/Cellar/avr-gcc/6.2.0/avr/include/util/delay.h **** 
  35:/usr/local/Cellar/avr-gcc/6.2.0/avr/include/util/delay.h **** #ifndef _UTIL_DELAY_H_
  36:/usr/local/Cellar/avr-gcc/6.2.0/avr/include/util/delay.h **** #define _UTIL_DELAY_H_ 1
  37:/usr/local/Cellar/avr-gcc/6.2.0/avr/include/util/delay.h **** 
  38:/usr/local/Cellar/avr-gcc/6.2.0/avr/include/util/delay.h **** #ifndef __DOXYGEN__
  39:/usr/local/Cellar/avr-gcc/6.2.0/avr/include/util/delay.h **** #  ifndef __HAS_DELAY_CYCLES
  40:/usr/local/Cellar/avr-gcc/6.2.0/avr/include/util/delay.h **** #    define __HAS_DELAY_CYCLES 1
  41:/usr/local/Cellar/avr-gcc/6.2.0/avr/include/util/delay.h **** #  endif
  42:/usr/local/Cellar/avr-gcc/6.2.0/avr/include/util/delay.h **** #endif  /* __DOXYGEN__ */
  43:/usr/local/Cellar/avr-gcc/6.2.0/avr/include/util/delay.h **** 
  44:/usr/local/Cellar/avr-gcc/6.2.0/avr/include/util/delay.h **** #include <inttypes.h>
  45:/usr/local/Cellar/avr-gcc/6.2.0/avr/include/util/delay.h **** #include <util/delay_basic.h>
  46:/usr/local/Cellar/avr-gcc/6.2.0/avr/include/util/delay.h **** #include <math.h>
  47:/usr/local/Cellar/avr-gcc/6.2.0/avr/include/util/delay.h **** 
  48:/usr/local/Cellar/avr-gcc/6.2.0/avr/include/util/delay.h **** /** \file */
  49:/usr/local/Cellar/avr-gcc/6.2.0/avr/include/util/delay.h **** /** \defgroup util_delay <util/delay.h>: Convenience functions for busy-wait delay loops
  50:/usr/local/Cellar/avr-gcc/6.2.0/avr/include/util/delay.h ****     \code
  51:/usr/local/Cellar/avr-gcc/6.2.0/avr/include/util/delay.h ****     #define F_CPU 1000000UL  // 1 MHz
  52:/usr/local/Cellar/avr-gcc/6.2.0/avr/include/util/delay.h ****     //#define F_CPU 14.7456E6
  53:/usr/local/Cellar/avr-gcc/6.2.0/avr/include/util/delay.h ****     #include <util/delay.h>
  54:/usr/local/Cellar/avr-gcc/6.2.0/avr/include/util/delay.h ****     \endcode
  55:/usr/local/Cellar/avr-gcc/6.2.0/avr/include/util/delay.h **** 
  56:/usr/local/Cellar/avr-gcc/6.2.0/avr/include/util/delay.h ****     \note As an alternative method, it is possible to pass the
  57:/usr/local/Cellar/avr-gcc/6.2.0/avr/include/util/delay.h ****     F_CPU macro down to the compiler from the Makefile.
  58:/usr/local/Cellar/avr-gcc/6.2.0/avr/include/util/delay.h ****     Obviously, in that case, no \c \#define statement should be
  59:/usr/local/Cellar/avr-gcc/6.2.0/avr/include/util/delay.h ****     used.
  60:/usr/local/Cellar/avr-gcc/6.2.0/avr/include/util/delay.h **** 
  61:/usr/local/Cellar/avr-gcc/6.2.0/avr/include/util/delay.h ****     The functions in this header file are wrappers around the basic
  62:/usr/local/Cellar/avr-gcc/6.2.0/avr/include/util/delay.h ****     busy-wait functions from <util/delay_basic.h>.  They are meant as
  63:/usr/local/Cellar/avr-gcc/6.2.0/avr/include/util/delay.h ****     convenience functions where actual time values can be specified
  64:/usr/local/Cellar/avr-gcc/6.2.0/avr/include/util/delay.h ****     rather than a number of cycles to wait for.  The idea behind is
  65:/usr/local/Cellar/avr-gcc/6.2.0/avr/include/util/delay.h ****     that compile-time constant expressions will be eliminated by
  66:/usr/local/Cellar/avr-gcc/6.2.0/avr/include/util/delay.h ****     compiler optimization so floating-point expressions can be used
  67:/usr/local/Cellar/avr-gcc/6.2.0/avr/include/util/delay.h ****     to calculate the number of delay cycles needed based on the CPU
  68:/usr/local/Cellar/avr-gcc/6.2.0/avr/include/util/delay.h ****     frequency passed by the macro F_CPU.
  69:/usr/local/Cellar/avr-gcc/6.2.0/avr/include/util/delay.h **** 
  70:/usr/local/Cellar/avr-gcc/6.2.0/avr/include/util/delay.h ****     \note In order for these functions to work as intended, compiler
  71:/usr/local/Cellar/avr-gcc/6.2.0/avr/include/util/delay.h ****     optimizations <em>must</em> be enabled, and the delay time
  72:/usr/local/Cellar/avr-gcc/6.2.0/avr/include/util/delay.h ****     <em>must</em> be an expression that is a known constant at
  73:/usr/local/Cellar/avr-gcc/6.2.0/avr/include/util/delay.h ****     compile-time.  If these requirements are not met, the resulting
  74:/usr/local/Cellar/avr-gcc/6.2.0/avr/include/util/delay.h ****     delay will be much longer (and basically unpredictable), and
  75:/usr/local/Cellar/avr-gcc/6.2.0/avr/include/util/delay.h ****     applications that otherwise do not use floating-point calculations
  76:/usr/local/Cellar/avr-gcc/6.2.0/avr/include/util/delay.h ****     will experience severe code bloat by the floating-point library
  77:/usr/local/Cellar/avr-gcc/6.2.0/avr/include/util/delay.h ****     routines linked into the application.
  78:/usr/local/Cellar/avr-gcc/6.2.0/avr/include/util/delay.h **** 
  79:/usr/local/Cellar/avr-gcc/6.2.0/avr/include/util/delay.h ****     The functions available allow the specification of microsecond, and
  80:/usr/local/Cellar/avr-gcc/6.2.0/avr/include/util/delay.h ****     millisecond delays directly, using the application-supplied macro
  81:/usr/local/Cellar/avr-gcc/6.2.0/avr/include/util/delay.h ****     F_CPU as the CPU clock frequency (in Hertz).
  82:/usr/local/Cellar/avr-gcc/6.2.0/avr/include/util/delay.h **** 
  83:/usr/local/Cellar/avr-gcc/6.2.0/avr/include/util/delay.h **** */
  84:/usr/local/Cellar/avr-gcc/6.2.0/avr/include/util/delay.h **** 
  85:/usr/local/Cellar/avr-gcc/6.2.0/avr/include/util/delay.h **** #if !defined(__DOXYGEN__)
  86:/usr/local/Cellar/avr-gcc/6.2.0/avr/include/util/delay.h **** static __inline__ void _delay_us(double __us) __attribute__((__always_inline__));
  87:/usr/local/Cellar/avr-gcc/6.2.0/avr/include/util/delay.h **** static __inline__ void _delay_ms(double __ms) __attribute__((__always_inline__));
  88:/usr/local/Cellar/avr-gcc/6.2.0/avr/include/util/delay.h **** #endif
  89:/usr/local/Cellar/avr-gcc/6.2.0/avr/include/util/delay.h **** 
  90:/usr/local/Cellar/avr-gcc/6.2.0/avr/include/util/delay.h **** #ifndef F_CPU
  91:/usr/local/Cellar/avr-gcc/6.2.0/avr/include/util/delay.h **** /* prevent compiler error by supplying a default */
  92:/usr/local/Cellar/avr-gcc/6.2.0/avr/include/util/delay.h **** # warning "F_CPU not defined for <util/delay.h>"
  93:/usr/local/Cellar/avr-gcc/6.2.0/avr/include/util/delay.h **** /** \ingroup util_delay
  94:/usr/local/Cellar/avr-gcc/6.2.0/avr/include/util/delay.h ****     \def F_CPU
  95:/usr/local/Cellar/avr-gcc/6.2.0/avr/include/util/delay.h ****     \brief CPU frequency in Hz
  96:/usr/local/Cellar/avr-gcc/6.2.0/avr/include/util/delay.h **** 
  97:/usr/local/Cellar/avr-gcc/6.2.0/avr/include/util/delay.h ****     The macro F_CPU specifies the CPU frequency to be considered by
  98:/usr/local/Cellar/avr-gcc/6.2.0/avr/include/util/delay.h ****     the delay macros.  This macro is normally supplied by the
  99:/usr/local/Cellar/avr-gcc/6.2.0/avr/include/util/delay.h ****     environment (e.g. from within a project header, or the project's
 100:/usr/local/Cellar/avr-gcc/6.2.0/avr/include/util/delay.h ****     Makefile).  The value 1 MHz here is only provided as a "vanilla"
 101:/usr/local/Cellar/avr-gcc/6.2.0/avr/include/util/delay.h ****     fallback if no such user-provided definition could be found.
 102:/usr/local/Cellar/avr-gcc/6.2.0/avr/include/util/delay.h **** 
 103:/usr/local/Cellar/avr-gcc/6.2.0/avr/include/util/delay.h ****     In terms of the delay functions, the CPU frequency can be given as
 104:/usr/local/Cellar/avr-gcc/6.2.0/avr/include/util/delay.h ****     a floating-point constant (e.g. 3.6864E6 for 3.6864 MHz).
 105:/usr/local/Cellar/avr-gcc/6.2.0/avr/include/util/delay.h ****     However, the macros in <util/setbaud.h> require it to be an
 106:/usr/local/Cellar/avr-gcc/6.2.0/avr/include/util/delay.h ****     integer value.
 107:/usr/local/Cellar/avr-gcc/6.2.0/avr/include/util/delay.h ****  */
 108:/usr/local/Cellar/avr-gcc/6.2.0/avr/include/util/delay.h **** # define F_CPU 1000000UL
 109:/usr/local/Cellar/avr-gcc/6.2.0/avr/include/util/delay.h **** #endif
 110:/usr/local/Cellar/avr-gcc/6.2.0/avr/include/util/delay.h **** 
 111:/usr/local/Cellar/avr-gcc/6.2.0/avr/include/util/delay.h **** #ifndef __OPTIMIZE__
 112:/usr/local/Cellar/avr-gcc/6.2.0/avr/include/util/delay.h **** # warning "Compiler optimizations disabled; functions from <util/delay.h> won't work as designed"
 113:/usr/local/Cellar/avr-gcc/6.2.0/avr/include/util/delay.h **** #endif
 114:/usr/local/Cellar/avr-gcc/6.2.0/avr/include/util/delay.h **** 
 115:/usr/local/Cellar/avr-gcc/6.2.0/avr/include/util/delay.h **** #if __HAS_DELAY_CYCLES && defined(__OPTIMIZE__) && \
 116:/usr/local/Cellar/avr-gcc/6.2.0/avr/include/util/delay.h ****   !defined(__DELAY_BACKWARD_COMPATIBLE__) &&	   \
 117:/usr/local/Cellar/avr-gcc/6.2.0/avr/include/util/delay.h ****   __STDC_HOSTED__
 118:/usr/local/Cellar/avr-gcc/6.2.0/avr/include/util/delay.h **** #  include <math.h>
 119:/usr/local/Cellar/avr-gcc/6.2.0/avr/include/util/delay.h **** #endif
 120:/usr/local/Cellar/avr-gcc/6.2.0/avr/include/util/delay.h **** 
 121:/usr/local/Cellar/avr-gcc/6.2.0/avr/include/util/delay.h **** /**
 122:/usr/local/Cellar/avr-gcc/6.2.0/avr/include/util/delay.h ****    \ingroup util_delay
 123:/usr/local/Cellar/avr-gcc/6.2.0/avr/include/util/delay.h **** 
 124:/usr/local/Cellar/avr-gcc/6.2.0/avr/include/util/delay.h ****    Perform a delay of \c __ms milliseconds, using _delay_loop_2().
 125:/usr/local/Cellar/avr-gcc/6.2.0/avr/include/util/delay.h **** 
 126:/usr/local/Cellar/avr-gcc/6.2.0/avr/include/util/delay.h ****    The macro F_CPU is supposed to be defined to a
 127:/usr/local/Cellar/avr-gcc/6.2.0/avr/include/util/delay.h ****    constant defining the CPU clock frequency (in Hertz).
 128:/usr/local/Cellar/avr-gcc/6.2.0/avr/include/util/delay.h **** 
 129:/usr/local/Cellar/avr-gcc/6.2.0/avr/include/util/delay.h ****    The maximal possible delay is 262.14 ms / F_CPU in MHz.
 130:/usr/local/Cellar/avr-gcc/6.2.0/avr/include/util/delay.h **** 
 131:/usr/local/Cellar/avr-gcc/6.2.0/avr/include/util/delay.h ****    When the user request delay which exceed the maximum possible one,
 132:/usr/local/Cellar/avr-gcc/6.2.0/avr/include/util/delay.h ****    _delay_ms() provides a decreased resolution functionality. In this
 133:/usr/local/Cellar/avr-gcc/6.2.0/avr/include/util/delay.h ****    mode _delay_ms() will work with a resolution of 1/10 ms, providing
 134:/usr/local/Cellar/avr-gcc/6.2.0/avr/include/util/delay.h ****    delays up to 6.5535 seconds (independent from CPU frequency).  The
 135:/usr/local/Cellar/avr-gcc/6.2.0/avr/include/util/delay.h ****    user will not be informed about decreased resolution.
 136:/usr/local/Cellar/avr-gcc/6.2.0/avr/include/util/delay.h **** 
 137:/usr/local/Cellar/avr-gcc/6.2.0/avr/include/util/delay.h ****    If the avr-gcc toolchain has __builtin_avr_delay_cycles()
 138:/usr/local/Cellar/avr-gcc/6.2.0/avr/include/util/delay.h ****    support, maximal possible delay is 4294967.295 ms/ F_CPU in MHz. For
 139:/usr/local/Cellar/avr-gcc/6.2.0/avr/include/util/delay.h ****    values greater than the maximal possible delay, overflows results in
 140:/usr/local/Cellar/avr-gcc/6.2.0/avr/include/util/delay.h ****    no delay i.e., 0ms.
 141:/usr/local/Cellar/avr-gcc/6.2.0/avr/include/util/delay.h **** 
 142:/usr/local/Cellar/avr-gcc/6.2.0/avr/include/util/delay.h ****    Conversion of \c __ms into clock cycles may not always result in
 143:/usr/local/Cellar/avr-gcc/6.2.0/avr/include/util/delay.h ****    integer.  By default, the clock cycles rounded up to next
 144:/usr/local/Cellar/avr-gcc/6.2.0/avr/include/util/delay.h ****    integer. This ensures that the user gets at least \c __ms
 145:/usr/local/Cellar/avr-gcc/6.2.0/avr/include/util/delay.h ****    microseconds of delay.
 146:/usr/local/Cellar/avr-gcc/6.2.0/avr/include/util/delay.h **** 
 147:/usr/local/Cellar/avr-gcc/6.2.0/avr/include/util/delay.h ****    Alternatively, by defining the macro \c __DELAY_ROUND_DOWN__, or
 148:/usr/local/Cellar/avr-gcc/6.2.0/avr/include/util/delay.h ****    \c __DELAY_ROUND_CLOSEST__, before including this header file, the
 149:/usr/local/Cellar/avr-gcc/6.2.0/avr/include/util/delay.h ****    algorithm can be made to round down, or round to closest integer,
 150:/usr/local/Cellar/avr-gcc/6.2.0/avr/include/util/delay.h ****    respectively.
 151:/usr/local/Cellar/avr-gcc/6.2.0/avr/include/util/delay.h **** 
 152:/usr/local/Cellar/avr-gcc/6.2.0/avr/include/util/delay.h ****    \note
 153:/usr/local/Cellar/avr-gcc/6.2.0/avr/include/util/delay.h **** 
 154:/usr/local/Cellar/avr-gcc/6.2.0/avr/include/util/delay.h ****    The implementation of _delay_ms() based on
 155:/usr/local/Cellar/avr-gcc/6.2.0/avr/include/util/delay.h ****    __builtin_avr_delay_cycles() is not backward compatible with older
 156:/usr/local/Cellar/avr-gcc/6.2.0/avr/include/util/delay.h ****    implementations.  In order to get functionality backward compatible
 157:/usr/local/Cellar/avr-gcc/6.2.0/avr/include/util/delay.h ****    with previous versions, the macro \c "__DELAY_BACKWARD_COMPATIBLE__"
 158:/usr/local/Cellar/avr-gcc/6.2.0/avr/include/util/delay.h ****    must be defined before including this header file. Also, the
 159:/usr/local/Cellar/avr-gcc/6.2.0/avr/include/util/delay.h ****    backward compatible algorithm will be chosen if the code is
 160:/usr/local/Cellar/avr-gcc/6.2.0/avr/include/util/delay.h ****    compiled in a <em>freestanding environment</em> (GCC option
 161:/usr/local/Cellar/avr-gcc/6.2.0/avr/include/util/delay.h ****    \c -ffreestanding), as the math functions required for rounding are
 162:/usr/local/Cellar/avr-gcc/6.2.0/avr/include/util/delay.h ****    not available to the compiler then.
 163:/usr/local/Cellar/avr-gcc/6.2.0/avr/include/util/delay.h **** 
 164:/usr/local/Cellar/avr-gcc/6.2.0/avr/include/util/delay.h ****  */
 165:/usr/local/Cellar/avr-gcc/6.2.0/avr/include/util/delay.h **** void
 166:/usr/local/Cellar/avr-gcc/6.2.0/avr/include/util/delay.h **** _delay_ms(double __ms)
 167:/usr/local/Cellar/avr-gcc/6.2.0/avr/include/util/delay.h **** {
 168:/usr/local/Cellar/avr-gcc/6.2.0/avr/include/util/delay.h **** 	double __tmp ;
 169:/usr/local/Cellar/avr-gcc/6.2.0/avr/include/util/delay.h **** #if __HAS_DELAY_CYCLES && defined(__OPTIMIZE__) && \
 170:/usr/local/Cellar/avr-gcc/6.2.0/avr/include/util/delay.h ****   !defined(__DELAY_BACKWARD_COMPATIBLE__) &&	   \
 171:/usr/local/Cellar/avr-gcc/6.2.0/avr/include/util/delay.h ****   __STDC_HOSTED__
 172:/usr/local/Cellar/avr-gcc/6.2.0/avr/include/util/delay.h **** 	uint32_t __ticks_dc;
 173:/usr/local/Cellar/avr-gcc/6.2.0/avr/include/util/delay.h **** 	extern void __builtin_avr_delay_cycles(unsigned long);
 174:/usr/local/Cellar/avr-gcc/6.2.0/avr/include/util/delay.h **** 	__tmp = ((F_CPU) / 1e3) * __ms;
 175:/usr/local/Cellar/avr-gcc/6.2.0/avr/include/util/delay.h **** 
 176:/usr/local/Cellar/avr-gcc/6.2.0/avr/include/util/delay.h **** 	#if defined(__DELAY_ROUND_DOWN__)
 177:/usr/local/Cellar/avr-gcc/6.2.0/avr/include/util/delay.h **** 		__ticks_dc = (uint32_t)fabs(__tmp);
 178:/usr/local/Cellar/avr-gcc/6.2.0/avr/include/util/delay.h **** 
 179:/usr/local/Cellar/avr-gcc/6.2.0/avr/include/util/delay.h **** 	#elif defined(__DELAY_ROUND_CLOSEST__)
 180:/usr/local/Cellar/avr-gcc/6.2.0/avr/include/util/delay.h **** 		__ticks_dc = (uint32_t)(fabs(__tmp)+0.5);
 181:/usr/local/Cellar/avr-gcc/6.2.0/avr/include/util/delay.h **** 
 182:/usr/local/Cellar/avr-gcc/6.2.0/avr/include/util/delay.h **** 	#else
 183:/usr/local/Cellar/avr-gcc/6.2.0/avr/include/util/delay.h **** 		//round up by default
 184:/usr/local/Cellar/avr-gcc/6.2.0/avr/include/util/delay.h **** 		__ticks_dc = (uint32_t)(ceil(fabs(__tmp)));
 185:/usr/local/Cellar/avr-gcc/6.2.0/avr/include/util/delay.h **** 	#endif
 186:/usr/local/Cellar/avr-gcc/6.2.0/avr/include/util/delay.h **** 
 187:/usr/local/Cellar/avr-gcc/6.2.0/avr/include/util/delay.h **** 	__builtin_avr_delay_cycles(__ticks_dc);
 174               	.LM10:
 175 000a EFE5      		ldi r30,lo8(-5537)
 176 000c FAEE      		ldi r31,hi8(-5537)
 177 000e 3197      	1:	sbiw r30,1
 178 0010 01F4      		brne 1b
 179 0012 00C0      		rjmp .
 180 0014 0000      		nop
 181               	.LBE15:
 182               	.LBE14:
 184               	.Ltext2:
  25:/Users/kevinKuwata1/Documents/xcode/ECEN1310Final/blinkPortc2/blinkPortc2/main.c ****         _delay_ms(30);
 186               	.LM11:
 187 0016 88B1      		in r24,0x8
 188 0018 8227      		eor r24,r18
 189 001a 88B9      		out 0x8,r24
 190               	.LBB16:
 191               	.LBB17:
 193               	.Ltext3:
 195               	.LM12:
 196 001c EFE5      		ldi r30,lo8(-5537)
 197 001e FAEE      		ldi r31,hi8(-5537)
 198 0020 3197      	1:	sbiw r30,1
 199 0022 01F4      		brne 1b
 200 0024 00C0      		rjmp .
 201 0026 0000      		nop
 202               	.LBE17:
 203               	.LBE16:
 205               	.Ltext4:
  28:/Users/kevinKuwata1/Documents/xcode/ECEN1310Final/blinkPortc2/blinkPortc2/main.c ****         _delay_ms(30);
 207               	.LM13:
 208 0028 419A      		sbi 0x8,1
 209               	.LBB18:
 210               	.LBB19:
 212               	.Ltext5:
 214               	.LM14:
 215 002a EFE5      		ldi r30,lo8(-5537)
 216 002c FAEE      		ldi r31,hi8(-5537)
 217 002e 3197      	1:	sbiw r30,1
 218 0030 01F4      		brne 1b
 219 0032 00C0      		rjmp .
 220 0034 0000      		nop
 221               	.LBE19:
 222               	.LBE18:
 224               	.Ltext6:
 226               	.LM15:
 227 0036 88B1      		in r24,0x8
 228 0038 8927      		eor r24,r25
 229 003a 88B9      		out 0x8,r24
 230               	.LBB20:
 231               	.LBB21:
 233               	.Ltext7:
 235               	.LM16:
 236 003c EFE5      		ldi r30,lo8(-5537)
 237 003e FAEE      		ldi r31,hi8(-5537)
 238 0040 3197      	1:	sbiw r30,1
 239 0042 01F4      		brne 1b
 240               	.L6:
 241               	.LBE21:
 242               	.LBE20:
 243               	.LBB22:
 244               	.LBB23:
 245 0044 00C0      		rjmp .
 246 0046 0000      		nop
 247               	.LBE23:
 248               	.LBE22:
 250               	.Ltext8:
  31:/Users/kevinKuwata1/Documents/xcode/ECEN1310Final/blinkPortc2/blinkPortc2/main.c ****         _delay_ms(30);
  32:/Users/kevinKuwata1/Documents/xcode/ECEN1310Final/blinkPortc2/blinkPortc2/main.c ****         
  33:/Users/kevinKuwata1/Documents/xcode/ECEN1310Final/blinkPortc2/blinkPortc2/main.c ****     
  34:/Users/kevinKuwata1/Documents/xcode/ECEN1310Final/blinkPortc2/blinkPortc2/main.c ****         
  35:/Users/kevinKuwata1/Documents/xcode/ECEN1310Final/blinkPortc2/blinkPortc2/main.c ****         while(bit_is_clear(PINC, 0)){
 252               	.LM17:
 253 0048 3099      		sbic 0x6,0
 254 004a 00C0      		rjmp .L5
  36:/Users/kevinKuwata1/Documents/xcode/ECEN1310Final/blinkPortc2/blinkPortc2/main.c ****             PORTC |= BV(1);
 256               	.LM18:
 257 004c 419A      		sbi 0x8,1
 258               	.LBB25:
 259               	.LBB26:
 261               	.Ltext9:
 263               	.LM19:
 264 004e FFEF      		ldi r31,lo8(639999)
 265 0050 33EC      		ldi r19,hi8(639999)
 266 0052 49E0      		ldi r20,hlo8(639999)
 267 0054 F150      	1:	subi r31,1
 268 0056 3040      		sbci r19,0
 269 0058 4040      		sbci r20,0
 270 005a 01F4      		brne 1b
 271 005c 00C0      		rjmp .
 272 005e 0000      		nop
 273               	.LBE26:
 274               	.LBE25:
 276               	.Ltext10:
  37:/Users/kevinKuwata1/Documents/xcode/ECEN1310Final/blinkPortc2/blinkPortc2/main.c ****             _delay_ms(400);
  38:/Users/kevinKuwata1/Documents/xcode/ECEN1310Final/blinkPortc2/blinkPortc2/main.c ****             PORTC ^= BV(1);
 278               	.LM20:
 279 0060 88B1      		in r24,0x8
 280 0062 8927      		eor r24,r25
 281 0064 88B9      		out 0x8,r24
 282               	.LBB27:
 283               	.LBB24:
 285               	.Ltext11:
 287               	.LM21:
 288 0066 8FEF      		ldi r24,lo8(639999)
 289 0068 E3EC      		ldi r30,hi8(639999)
 290 006a F9E0      		ldi r31,hlo8(639999)
 291 006c 8150      	1:	subi r24,1
 292 006e E040      		sbci r30,0
 293 0070 F040      		sbci r31,0
 294 0072 01F4      		brne 1b
 295 0074 00C0      		rjmp .L6
 296               	.LBE24:
 297               	.LBE27:
 299               	.Lscope2:
 300               		.text
 302               	.Letext0:
 303               		.ident	"GCC: (GNU) 6.2.0"
DEFINED SYMBOLS
                            *ABS*:0000000000000000 main.c
/var/folders/lm/s_klhqwn77z639t7_2gx62rr0000gn/T//cc7v2ol3.s:2      *ABS*:000000000000003e __SP_H__
/var/folders/lm/s_klhqwn77z639t7_2gx62rr0000gn/T//cc7v2ol3.s:3      *ABS*:000000000000003d __SP_L__
/var/folders/lm/s_klhqwn77z639t7_2gx62rr0000gn/T//cc7v2ol3.s:4      *ABS*:000000000000003f __SREG__
/var/folders/lm/s_klhqwn77z639t7_2gx62rr0000gn/T//cc7v2ol3.s:5      *ABS*:0000000000000000 __tmp_reg__
/var/folders/lm/s_klhqwn77z639t7_2gx62rr0000gn/T//cc7v2ol3.s:6      *ABS*:0000000000000001 __zero_reg__
/var/folders/lm/s_klhqwn77z639t7_2gx62rr0000gn/T//cc7v2ol3.s:116    .text:0000000000000000 initIO
/var/folders/lm/s_klhqwn77z639t7_2gx62rr0000gn/T//cc7v2ol3.s:148    .text.startup:0000000000000000 main

NO UNDEFINED SYMBOLS
